
[Thursday, 12th September 2013 15:13:49] [authentication.php] json_decode returned: Array
(
    [simCardSN] => 89014103211118510720
)

[Thursday, 12th September 2013 15:13:49] [authentication.php] settings obtained: Array
(
    [db_name] => ilri_mistro
    [mysql_creds] => Array
        (
            [username] => root
            [password] => jason
            [host] => localhost
        )

    [log_settings] => logs.ini
    [response_codes] => response_codes.ini
    [time_zone] => EAT
)

[Thursday, 12th September 2013 15:13:49] [authentication.php] response codes are: Array
(
    [db_error] => 32243
    [user_not_authenticated] => 43322
    [sim_card_registered] => 83242
    [acknowledge_ok] => 533783
    [data_error] => 934342
    [no_data] => 77732
)

[Thursday, 12th September 2013 15:13:49] [database.php] settings obtained: Array
(
    [db_name] => ilri_mistro
    [mysql_creds] => Array
        (
            [username] => root
            [password] => jason
            [host] => localhost
        )

    [log_settings] => logs.ini
    [response_codes] => response_codes.ini
    [time_zone] => EAT
)

[Thursday, 12th September 2013 15:13:49] [database.php] response codes are: Array
(
    [db_error] => 32243
    [user_not_authenticated] => 43322
    [sim_card_registered] => 83242
    [acknowledge_ok] => 533783
    [data_error] => 934342
    [no_data] => 77732
)

[Thursday, 12th September 2013 15:13:49] [database.php] results gotten from 'SELECT `name` FROM `farmer` WHERE `sim_card_sn`='89014103211118510720'' are Array
(
)

[Thursday, 12th September 2013 15:14:22] [sim_card_registration.php] json_decode returned: Array
(
    [newMobileNumber] => 0722838686
    [oldMobileNumber] => 0722838686
    [newSimCardSN] => 89014103211118510720
)

[Thursday, 12th September 2013 15:14:22] [sim_card_registration.php] settings obtained: Array
(
    [db_name] => ilri_mistro
    [mysql_creds] => Array
        (
            [username] => root
            [password] => jason
            [host] => localhost
        )

    [log_settings] => logs.ini
    [response_codes] => response_codes.ini
    [time_zone] => EAT
)

[Thursday, 12th September 2013 15:14:22] [sim_card_registration.php] response codes are: Array
(
    [db_error] => 32243
    [user_not_authenticated] => 43322
    [sim_card_registered] => 83242
    [acknowledge_ok] => 533783
    [data_error] => 934342
    [no_data] => 77732
)

[Thursday, 12th September 2013 15:14:22] [database.php] settings obtained: Array
(
    [db_name] => ilri_mistro
    [mysql_creds] => Array
        (
            [username] => root
            [password] => jason
            [host] => localhost
        )

    [log_settings] => logs.ini
    [response_codes] => response_codes.ini
    [time_zone] => EAT
)

[Thursday, 12th September 2013 15:14:22] [database.php] response codes are: Array
(
    [db_error] => 32243
    [user_not_authenticated] => 43322
    [sim_card_registered] => 83242
    [acknowledge_ok] => 533783
    [data_error] => 934342
    [no_data] => 77732
)

[Thursday, 12th September 2013 15:14:22] [database.php] results gotten from 'SELECT `sim_card_sn` FROM `farmer` WHERE `mobile_no` = '0722838686'' are Array
(
    [0] => Array
        (
            [sim_card_sn] => 89254029541005994303
        )

)

[Thursday, 12th September 2013 15:14:23] [authentication.php] json_decode returned: Array
(
    [simCardSN] => 89014103211118510720
)

[Thursday, 12th September 2013 15:14:23] [authentication.php] settings obtained: Array
(
    [db_name] => ilri_mistro
    [mysql_creds] => Array
        (
            [username] => root
            [password] => jason
            [host] => localhost
        )

    [log_settings] => logs.ini
    [response_codes] => response_codes.ini
    [time_zone] => EAT
)

[Thursday, 12th September 2013 15:14:23] [authentication.php] response codes are: Array
(
    [db_error] => 32243
    [user_not_authenticated] => 43322
    [sim_card_registered] => 83242
    [acknowledge_ok] => 533783
    [data_error] => 934342
    [no_data] => 77732
)

[Thursday, 12th September 2013 15:14:23] [database.php] settings obtained: Array
(
    [db_name] => ilri_mistro
    [mysql_creds] => Array
        (
            [username] => root
            [password] => jason
            [host] => localhost
        )

    [log_settings] => logs.ini
    [response_codes] => response_codes.ini
    [time_zone] => EAT
)

[Thursday, 12th September 2013 15:14:23] [database.php] response codes are: Array
(
    [db_error] => 32243
    [user_not_authenticated] => 43322
    [sim_card_registered] => 83242
    [acknowledge_ok] => 533783
    [data_error] => 934342
    [no_data] => 77732
)

[Thursday, 12th September 2013 15:14:23] [database.php] results gotten from 'SELECT `name` FROM `farmer` WHERE `sim_card_sn`='89014103211118510720'' are Array
(
    [0] => Array
        (
            [name] => Jason Rogena
        )

)

[Thursday, 12th September 2013 15:14:28] [fetch_cow_identifiers.php] json_decode returned: Array
(
    [cowSex] => 0
    [simCardSN] => 89014103211118510720
)

[Thursday, 12th September 2013 15:14:28] [fetch_cow_identifiers.php] settings obtained: Array
(
    [db_name] => ilri_mistro
    [mysql_creds] => Array
        (
            [username] => root
            [password] => jason
            [host] => localhost
        )

    [log_settings] => logs.ini
    [response_codes] => response_codes.ini
    [time_zone] => EAT
)

[Thursday, 12th September 2013 15:14:28] [fetch_cow_identifiers.php] response codes are: Array
(
    [db_error] => 32243
    [user_not_authenticated] => 43322
    [sim_card_registered] => 83242
    [acknowledge_ok] => 533783
    [data_error] => 934342
    [no_data] => 77732
)

[Thursday, 12th September 2013 15:14:28] [database.php] settings obtained: Array
(
    [db_name] => ilri_mistro
    [mysql_creds] => Array
        (
            [username] => root
            [password] => jason
            [host] => localhost
        )

    [log_settings] => logs.ini
    [response_codes] => response_codes.ini
    [time_zone] => EAT
)

[Thursday, 12th September 2013 15:14:28] [database.php] response codes are: Array
(
    [db_error] => 32243
    [user_not_authenticated] => 43322
    [sim_card_registered] => 83242
    [acknowledge_ok] => 533783
    [data_error] => 934342
    [no_data] => 77732
)

[Thursday, 12th September 2013 15:14:28] [fetch_cow_identifiers.php] CowSex specified as 0
[Thursday, 12th September 2013 15:14:28] [database.php] results gotten from 'SELECT `cow`.`name`,`cow`.`ear_tag_number` FROM `farmer` INNER JOIN `cow` ON `farmer`.`id`=`cow`.`farmer_id` WHERE `farmer`.`sim_card_sn`='89014103211118510720' AND `cow`.`type` ='cow' AND `cow`.`sex` = 0' are Array
(
    [0] => Array
        (
            [name] => Rosy
            [ear_tag_number] => nai-rog-0
        )

)

[Thursday, 12th September 2013 15:14:28] [fetch_cow_identifiers.php]  cow identifiers encoded from an array and is '{"cowNames":["Rosy"],"earTagNumbers":["nai-rog-0"]}'
[Thursday, 12th September 2013 15:14:33] [fetch_milk_production_history.php] json_decode returned: Array
(
    [fromID] => -1
    [simCardSN] => 89014103211118510720
)

[Thursday, 12th September 2013 15:14:33] [fetch_milk_production_history.php] settings obtained: Array
(
    [db_name] => ilri_mistro
    [mysql_creds] => Array
        (
            [username] => root
            [password] => jason
            [host] => localhost
        )

    [log_settings] => logs.ini
    [response_codes] => response_codes.ini
    [time_zone] => EAT
)

[Thursday, 12th September 2013 15:14:33] [fetch_milk_production_history.php] response codes are: Array
(
    [db_error] => 32243
    [user_not_authenticated] => 43322
    [sim_card_registered] => 83242
    [acknowledge_ok] => 533783
    [data_error] => 934342
    [no_data] => 77732
)

[Thursday, 12th September 2013 15:14:33] [database.php] settings obtained: Array
(
    [db_name] => ilri_mistro
    [mysql_creds] => Array
        (
            [username] => root
            [password] => jason
            [host] => localhost
        )

    [log_settings] => logs.ini
    [response_codes] => response_codes.ini
    [time_zone] => EAT
)

[Thursday, 12th September 2013 15:14:33] [database.php] response codes are: Array
(
    [db_error] => 32243
    [user_not_authenticated] => 43322
    [sim_card_registered] => 83242
    [acknowledge_ok] => 533783
    [data_error] => 934342
    [no_data] => 77732
)

[Thursday, 12th September 2013 15:14:33] [database.php] results gotten from 'SELECT `milk_production`.*,`cow`.`name`,`cow`.`ear_tag_number` FROM `farmer` INNER JOIN `cow` ON `farmer`.`id` = `cow`.`farmer_id` INNER JOIN `milk_production` ON `cow`.`id`=`milk_production`.`cow_id` WHERE `farmer`.`sim_card_sn`='89014103211118510720' ORDER BY `milk_production`.`id` DESC LIMIT 40' are Array
(
    [0] => Array
        (
            [id] => 29
            [cow_id] => 35
            [time] => 0
            [quantity] => 164
            [date_added] => 2013-09-12 15:11:52
            [date] => 2013-08-31
            [quantity_type] => Cups
            [name] => Rosy
            [ear_tag_number] => nai-rog-0
        )

    [1] => Array
        (
            [id] => 28
            [cow_id] => 35
            [time] => 0
            [quantity] => 1
            [date_added] => 2013-09-09 08:57:33
            [date] => 2013-09-04
            [quantity_type] => KGs
            [name] => Rosy
            [ear_tag_number] => nai-rog-0
        )

    [2] => Array
        (
            [id] => 27
            [cow_id] => 35
            [time] => 0
            [quantity] => 1
            [date_added] => 2013-09-09 08:45:13
            [date] => 2012-08-14
            [quantity_type] => KGs
            [name] => Rosy
            [ear_tag_number] => nai-rog-0
        )

    [3] => Array
        (
            [id] => 26
            [cow_id] => 35
            [time] => 3
            [quantity] => 2
            [date_added] => 2013-09-07 13:42:13
            [date] => 2013-09-07
            [quantity_type] => KGs
            [name] => Rosy
            [ear_tag_number] => nai-rog-0
        )

)

[Thursday, 12th September 2013 15:14:33] [fetch_milk_production_history.php]  cow milk production history encoded from an array and is '{"history":[{"id":"29","cow_id":"35","time":"0","quantity":"164","date_added":"2013-09-12 15:11:52","date":"2013-08-31","quantity_type":"Cups","name":"Rosy","ear_tag_number":"nai-rog-0"},{"id":"28","cow_id":"35","time":"0","quantity":"1","date_added":"2013-09-09 08:57:33","date":"2013-09-04","quantity_type":"KGs","name":"Rosy","ear_tag_number":"nai-rog-0"},{"id":"27","cow_id":"35","time":"0","quantity":"1","date_added":"2013-09-09 08:45:13","date":"2012-08-14","quantity_type":"KGs","name":"Rosy","ear_tag_number":"nai-rog-0"},{"id":"26","cow_id":"35","time":"3","quantity":"2","date_added":"2013-09-07 13:42:13","date":"2013-09-07","quantity_type":"KGs","name":"Rosy","ear_tag_number":"nai-rog-0"}]}'
