
[Monday, 16th September 2013 11:50:40] [authentication.php] Starting Authenticator
[Monday, 16th September 2013 11:50:40] [authentication.php] obtaining POST request
[Monday, 16th September 2013 11:50:40] [authentication.php] getting settings from: ../../config/settings.ini
[Monday, 16th September 2013 11:50:40] [authentication.php] getting response codes from: ../../config/response_codes.ini
[Monday, 16th September 2013 11:50:40] [database.php] Starting DatabaseHandler
[Monday, 16th September 2013 11:50:40] [database.php] getting settings from: ../../config/settings.ini
[Monday, 16th September 2013 11:50:40] [database.php] getting response codes from: ../../config/response_codes.ini
[Monday, 16th September 2013 11:50:40] [database.php] connecting to ilri_mistro on localhost using root as the username
[Monday, 16th September 2013 11:50:41] [database.php] running query SELECT `name` FROM `farmer` WHERE `sim_card_sn`='89254029541005994303'
[Monday, 16th September 2013 11:50:41] [authentication.php] the SIM card serial number being used (89254029541005994303) is authenticated for 'Jason Rogena'. Sending farmer's name back to client
[Monday, 16th September 2013 11:50:41] [authentication.php] gracefully exiting
[Monday, 16th September 2013 11:50:46] [fetch_cow_identifiers.php] Starting CowIdentifierFetcher
[Monday, 16th September 2013 11:50:46] [fetch_cow_identifiers.php] obtaining POST request
[Monday, 16th September 2013 11:50:46] [fetch_cow_identifiers.php] getting settings from: ../../config/settings.ini
[Monday, 16th September 2013 11:50:46] [fetch_cow_identifiers.php] getting response codes from: ../../config/response_codes.ini
[Monday, 16th September 2013 11:50:46] [database.php] Starting DatabaseHandler
[Monday, 16th September 2013 11:50:46] [database.php] getting settings from: ../../config/settings.ini
[Monday, 16th September 2013 11:50:46] [database.php] getting response codes from: ../../config/response_codes.ini
[Monday, 16th September 2013 11:50:46] [database.php] connecting to ilri_mistro on localhost using root as the username
[Monday, 16th September 2013 11:50:46] [database.php] running query SELECT `cow`.`name`,`cow`.`ear_tag_number` FROM `farmer` INNER JOIN `cow` ON `farmer`.`id`=`cow`.`farmer_id` WHERE `farmer`.`sim_card_sn`='89254029541005994303' AND `cow`.`sex` = 'Female'
[Monday, 16th September 2013 11:50:46] [fetch_cow_identifiers.php] sending cow identifiers back to client as a json string
[Monday, 16th September 2013 11:50:46] [fetch_cow_identifiers.php] gracefully exiting
[Monday, 16th September 2013 11:50:49] [fetch_cow_identifiers.php] Starting CowIdentifierFetcher
[Monday, 16th September 2013 11:50:49] [fetch_cow_identifiers.php] obtaining POST request
[Monday, 16th September 2013 11:50:49] [fetch_cow_identifiers.php] getting settings from: ../../config/settings.ini
[Monday, 16th September 2013 11:50:49] [fetch_cow_identifiers.php] getting response codes from: ../../config/response_codes.ini
[Monday, 16th September 2013 11:50:49] [database.php] Starting DatabaseHandler
[Monday, 16th September 2013 11:50:49] [database.php] getting settings from: ../../config/settings.ini
[Monday, 16th September 2013 11:50:49] [database.php] getting response codes from: ../../config/response_codes.ini
[Monday, 16th September 2013 11:50:49] [database.php] connecting to ilri_mistro on localhost using root as the username
[Monday, 16th September 2013 11:50:49] [database.php] running query SELECT `cow`.`name`,`cow`.`ear_tag_number`,`cow`.`sex` FROM `farmer` INNER JOIN `cow` ON `farmer`.`id`=`cow`.`farmer_id` WHERE `farmer`.`sim_card_sn`='89254029541005994303'
[Monday, 16th September 2013 11:50:49] [fetch_cow_identifiers.php] sending cow identifiers back to client as a json string
[Monday, 16th September 2013 11:50:49] [fetch_cow_identifiers.php] gracefully exiting
[Monday, 16th September 2013 11:50:49] [fetch_servicing_events_history.php] Starting CowEventsHandler
[Monday, 16th September 2013 11:50:49] [fetch_servicing_events_history.php] obtaining POST request
[Monday, 16th September 2013 11:50:49] [fetch_servicing_events_history.php] getting settings from: ../../config/settings.ini
[Monday, 16th September 2013 11:50:49] [fetch_servicing_events_history.php] getting response codes from: ../../config/response_codes.ini
[Monday, 16th September 2013 11:50:49] [database.php] Starting DatabaseHandler
[Monday, 16th September 2013 11:50:49] [database.php] getting settings from: ../../config/settings.ini
[Monday, 16th September 2013 11:50:49] [database.php] getting response codes from: ../../config/response_codes.ini
[Monday, 16th September 2013 11:50:49] [database.php] connecting to ilri_mistro on localhost using root as the username
[Monday, 16th September 2013 11:50:49] [database.php] running query SELECT `cow`.`name` AS `cow_name`, `cow`.`ear_tag_number` , `cow_event`.*, `event`.`name` AS `event_name`, `vet`.`name` AS `vet_name` FROM `farmer` INNER JOIN `cow` ON `farmer`.`id` = `cow`.`farmer_id` INNER JOIN `cow_event` ON `cow`.`id` = `cow_event`.`cow_id` INNER JOIN `event` ON `cow_event`.`event_id` = `event`.`id` INNER JOIN `vet` ON `cow_event`.`vet_id` = `vet`.`id` WHERE  `farmer`.`sim_card_sn` = '89254029541005994303' AND (`event`.`name` = 'Artificial Insemination' OR `event`.`name` = 'Bull Servicing')
[Monday, 16th September 2013 11:50:49] [fetch_servicing_events_history.php] sending cow events history data back to client as a json string
[Monday, 16th September 2013 11:50:49] [fetch_servicing_events_history.php] gracefully exiting
[Monday, 16th September 2013 11:52:01] [registration.php] Starting RegistrationHandler
[Monday, 16th September 2013 11:52:01] [registration.php] obtaining POST request
[Monday, 16th September 2013 11:52:01] [registration.php] getting settings from: ../../config/settings.ini
[Monday, 16th September 2013 11:52:01] [registration.php] getting response codes from: ../../config/response_codes.ini
[Monday, 16th September 2013 11:52:01] [database.php] Starting DatabaseHandler
[Monday, 16th September 2013 11:52:01] [database.php] getting settings from: ../../config/settings.ini
[Monday, 16th September 2013 11:52:01] [database.php] getting response codes from: ../../config/response_codes.ini
[Monday, 16th September 2013 11:52:01] [database.php] connecting to ilri_mistro on localhost using root as the username
[Monday, 16th September 2013 11:52:01] [general.php] Starting General
[Monday, 16th September 2013 11:52:01] [general.php] getting settings from: ../../config/settings.ini
[Monday, 16th September 2013 11:52:01] [general.php] getting response codes from: ../../config/response_codes.ini
[Monday, 16th September 2013 11:52:01] [database.php] Starting DatabaseHandler
[Monday, 16th September 2013 11:52:01] [database.php] getting settings from: ../../config/settings.ini
[Monday, 16th September 2013 11:52:01] [database.php] getting response codes from: ../../config/response_codes.ini
[Monday, 16th September 2013 11:52:01] [database.php] connecting to ilri_mistro on localhost using root as the username
[Monday, 16th September 2013 11:52:01] [registration.php] Farmer already registered but registering new cow
[Monday, 16th September 2013 11:52:01] [database.php] running query SELECT `farmer`.`id` FROM `farmer` WHERE `farmer`.`sim_card_sn` = '89254029541005994303'
[Monday, 16th September 2013 11:52:01] [registration.php] Registering the new cow (jshhs4) in the database
[Monday, 16th September 2013 11:52:01] [general.php] Getting id of country with name as Kenya
[Monday, 16th September 2013 11:52:01] [database.php] running query SELECT `id` FROM `country` WHERE `name` = 'Kenya'
[Monday, 16th September 2013 11:52:01] [database.php] running query INSERT INTO `cow`(`farmer_id`,`name`,`ear_tag_number`,`date_of_birth`,`age`,`age_type`,`sex`,`date_added`,`service_type`,`country_id`) VALUES(15,'Test123','jshhs4',STR_TO_DATE('16/9/2013', '%d/%m/%Y'),0,'Days','Female','2013-09-16 11:52:01','AI',1)
[Monday, 16th September 2013 11:52:01] [general.php] Getting id of breed with name as 
[Monday, 16th September 2013 11:52:01] [database.php] running query SELECT `id` FROM `breed` WHERE `name` = ''
[Monday, 16th September 2013 11:52:01] [general.php] Getting id of deformity with name as 
[Monday, 16th September 2013 11:52:01] [database.php] running query SELECT `id` FROM `deformity` WHERE `name` = ''
[Monday, 16th September 2013 11:52:01] [general.php] Getting id of event with name as Birth
[Monday, 16th September 2013 11:52:01] [database.php] running query SELECT `id` FROM `event` WHERE `name` = 'Birth'
[Monday, 16th September 2013 11:52:01] [registration.php] piggy back Normal
[Monday, 16th September 2013 11:52:01] [database.php] running query INSERT INTO `cow_event`(`cow_id`,`event_id`,`birth_type`,`event_date`,`date_added`,`parent_cow_event`) VALUES(21,2,'Normal',STR_TO_DATE('16/9/2013', '%d/%m/%Y'),'2013-09-16 11:52:01',2)
[Monday, 16th September 2013 11:52:01] [general.php] Getting id of cow with ear tag number as jshhs4
[Monday, 16th September 2013 11:52:01] [database.php] running query SELECT `id` FROM `cow` WHERE `ear_tag_number` = 'jshhs4' AND `farmer_id` = 15
[Monday, 16th September 2013 11:52:01] [general.php] Getting id of cow with ear tag number as jas5
[Monday, 16th September 2013 11:52:01] [database.php] running query SELECT `id` FROM `cow` WHERE `ear_tag_number` = 'jas5' AND `farmer_id` = 15
[Monday, 16th September 2013 11:52:01] [database.php] running query UPDATE `cow` SET `dam_id` = 12 WHERE `id` = 21
[Monday, 16th September 2013 11:52:01] [registration.php] sending acknowledge_ok response cod back to client
